d:\vstudio2022\rocketleague-data-dumper\rldumpergod\x64\debug\vc143.pdb
d:\vstudio2022\rocketleague-data-dumper\rldumpergod\x64\debug\vc143.idb
d:\vstudio2022\rocketleague-data-dumper\rldumpergod\x64\debug\uobject.obj
d:\vstudio2022\rocketleague-data-dumper\rldumpergod\x64\debug\ugfxdata_pri.obj
d:\vstudio2022\rocketleague-data-dumper\rldumpergod\x64\debug\gfxdata_teaminfo_ta.obj
d:\vstudio2022\rocketleague-data-dumper\rldumpergod\x64\debug\dllmain.obj
d:\vstudio2022\rocketleague-data-dumper\rldumpergod\x64\debug\rldumper.ilk
d:\vstudio2022\rocketleague-data-dumper\x64\debug\rldumper.dll
d:\vstudio2022\rocketleague-data-dumper\x64\debug\rldumper.pdb
d:\vstudio2022\rocketleague-data-dumper\rldump\x64\debug\dllmain.obj
d:\vstudio2022\rocketleague-data-dumper\rldump\x64\debug\gfxdata_teaminfo_ta.obj
d:\vstudio2022\rocketleague-data-dumper\rldump\x64\debug\ugfxdata_pri.obj
d:\vstudio2022\rocketleague-data-dumper\rldump\x64\debug\uobject.obj
d:\vstudio2022\rocketleague-data-dumper\rldump\x64\debug\rldumper.ilk
d:\vstudio2022\rocketleague-data-dumper\rldump\x64\debug\vc143.idb
d:\vstudio2022\rocketleague-data-dumper\rldump\x64\debug\vc143.pdb
d:\vstudio2022\rocketleague-data-dumper\rldump\x64\debug\rldumper.tlog\cl.command.1.tlog
d:\vstudio2022\rocketleague-data-dumper\rldump\x64\debug\rldumper.tlog\cl.items.tlog
d:\vstudio2022\rocketleague-data-dumper\rldump\x64\debug\rldumper.tlog\cl.read.1.tlog
d:\vstudio2022\rocketleague-data-dumper\rldump\x64\debug\rldumper.tlog\cl.write.1.tlog
d:\vstudio2022\rocketleague-data-dumper\rldump\x64\debug\rldumper.tlog\link.command.1.tlog
d:\vstudio2022\rocketleague-data-dumper\rldump\x64\debug\rldumper.tlog\link.read.1.tlog
d:\vstudio2022\rocketleague-data-dumper\rldump\x64\debug\rldumper.tlog\link.write.1.tlog
